2017-04-05 12:41:41,680 [Worker-11] WARN  org.eclipse.jgit.util.FS - Exception caught during execution of command '[git, --version]' in '/usr/bin', return code '1', error message 'xcrun: error: invalid active developer path (/Library/Developer/CommandLineTools), missing xcrun at: /Library/Developer/CommandLineTools/usr/bin/xcrun
'
2017-04-05 12:43:36,824 [Worker-12] WARN  org.eclipse.jgit.util.FS - Exception caught during execution of command '[git, --version]' in '/usr/bin', return code '1', error message 'xcrun: error: invalid active developer path (/Library/Developer/CommandLineTools), missing xcrun at: /Library/Developer/CommandLineTools/usr/bin/xcrun
'
2017-04-05 12:43:45,993 [Worker-13] INFO  o.e.m.c.i.l.LifecycleMappingFactory - Using org.eclipse.m2e.jdt.JarLifecycleMapping lifecycle mapping for MavenProject: com.niit:ShoppingCartBackEnd:0.0.1-SNAPSHOT @ /Users/Suveen/Documents/java/workspace/SLT/SLTProject/ShoppingCartBackEnd/pom.xml.
2017-04-05 12:43:45,993 [Worker-11] INFO  o.e.m.c.i.l.LifecycleMappingFactory - Using org.eclipse.m2e.jdt.JarLifecycleMapping lifecycle mapping for MavenProject: com.niit:ShoppingCartBackEnd:0.0.1-SNAPSHOT @ /Users/Suveen/Documents/java/workspace/SLT/SLTProject/ShoppingCartBackEnd/pom.xml.
2017-04-05 12:43:47,518 [Worker-13] INFO  o.e.m.c.i.embedder.EclipseLogger - Using 'UTF-8' encoding to copy filtered resources.
2017-04-05 12:43:47,519 [Worker-13] INFO  o.e.m.c.i.embedder.EclipseLogger - skip non existing resourceDirectory /Users/Suveen/Documents/java/workspace/SLT/SLTProject/ShoppingCartBackEnd/src/main/resources
2017-04-05 12:43:48,142 [Worker-13] INFO  o.e.m.c.i.embedder.EclipseLogger - Using 'UTF-8' encoding to copy filtered resources.
2017-04-05 12:43:48,142 [Worker-13] INFO  o.e.m.c.i.embedder.EclipseLogger - skip non existing resourceDirectory /Users/Suveen/Documents/java/workspace/SLT/SLTProject/ShoppingCartBackEnd/src/test/resources
2017-04-05 12:43:48,150 [Worker-12] INFO  o.e.m.c.i.l.LifecycleMappingFactory - Using org.eclipse.m2e.jdt.JarLifecycleMapping lifecycle mapping for MavenProject: com.niit:ShoppingCartBackEnd:0.0.1-SNAPSHOT @ /Users/Suveen/Documents/java/workspace/SLT/SLTProject/ShoppingCartBackEnd/pom.xml.
2017-04-05 12:43:48,598 [Worker-12] INFO  o.e.m.c.i.l.LifecycleMappingFactory - Using org.maven.ide.eclipse.wtp.WarLifecycleMapping lifecycle mapping for MavenProject: com.niit:ShoppingCartFrontEnd:0.0.1-SNAPSHOT @ /Users/Suveen/Documents/java/workspace/SLT/SLTProject/ShoppingCartFrontEnd/pom.xml.
2017-04-05 12:43:48,854 [Worker-12] INFO  o.e.m.c.i.l.LifecycleMappingFactory - Using org.maven.ide.eclipse.wtp.WarLifecycleMapping lifecycle mapping for MavenProject: com.niit:ShoppingCartFrontEnd:0.0.1-SNAPSHOT @ /Users/Suveen/Documents/java/workspace/SLT/SLTProject/ShoppingCartFrontEnd/pom.xml.
2017-04-05 12:43:52,523 [Worker-3] INFO  o.e.m.c.i.embedder.EclipseLogger - Using 'UTF-8' encoding to copy filtered resources.
2017-04-05 12:43:52,524 [Worker-3] INFO  o.e.m.c.i.embedder.EclipseLogger - skip non existing resourceDirectory /Users/Suveen/Documents/java/workspace/SLT/SLTProject/ShoppingCartBackEnd/src/main/resources
2017-04-05 12:43:52,526 [Worker-3] INFO  o.e.m.c.i.embedder.EclipseLogger - Using 'UTF-8' encoding to copy filtered resources.
2017-04-05 12:43:52,526 [Worker-3] INFO  o.e.m.c.i.embedder.EclipseLogger - skip non existing resourceDirectory /Users/Suveen/Documents/java/workspace/SLT/SLTProject/ShoppingCartBackEnd/src/test/resources
2017-04-05 12:43:52,811 [Worker-3] WARN  o.e.m.c.i.embedder.EclipseLogger - Using platform encoding (UTF-8 actually) to copy filtered resources, i.e. build is platform dependent!
2017-04-05 12:43:52,823 [Worker-3] INFO  o.e.m.c.i.embedder.EclipseLogger - Copying 0 resource
2017-04-05 12:43:52,828 [Worker-3] WARN  o.e.m.c.i.embedder.EclipseLogger - Using platform encoding (UTF-8 actually) to copy filtered resources, i.e. build is platform dependent!
2017-04-05 12:43:52,829 [Worker-3] INFO  o.e.m.c.i.embedder.EclipseLogger - skip non existing resourceDirectory /Users/Suveen/Documents/java/workspace/SLT/SLTProject/ShoppingCartFrontEnd/src/test/resources
2017-04-05 12:45:12,400 [Worker-8] INFO  o.e.m.c.i.embedder.EclipseLogger - Using 'UTF-8' encoding to copy filtered resources.
2017-04-05 12:45:12,404 [Worker-8] INFO  o.e.m.c.i.embedder.EclipseLogger - skip non existing resourceDirectory /Users/Suveen/Documents/java/workspace/SLT/SLTProject/ShoppingCartBackEnd/src/main/resources
2017-04-05 12:45:12,406 [Worker-8] INFO  o.e.m.c.i.embedder.EclipseLogger - Using 'UTF-8' encoding to copy filtered resources.
2017-04-05 12:45:12,407 [Worker-8] INFO  o.e.m.c.i.embedder.EclipseLogger - skip non existing resourceDirectory /Users/Suveen/Documents/java/workspace/SLT/SLTProject/ShoppingCartBackEnd/src/test/resources
2017-04-05 12:45:12,419 [Worker-8] WARN  o.e.m.c.i.embedder.EclipseLogger - Using platform encoding (UTF-8 actually) to copy filtered resources, i.e. build is platform dependent!
2017-04-05 12:45:12,424 [Worker-8] INFO  o.e.m.c.i.embedder.EclipseLogger - Copying 0 resource
2017-04-05 12:45:12,426 [Worker-8] WARN  o.e.m.c.i.embedder.EclipseLogger - Using platform encoding (UTF-8 actually) to copy filtered resources, i.e. build is platform dependent!
2017-04-05 12:45:12,427 [Worker-8] INFO  o.e.m.c.i.embedder.EclipseLogger - skip non existing resourceDirectory /Users/Suveen/Documents/java/workspace/SLT/SLTProject/ShoppingCartFrontEnd/src/test/resources
2017-04-05 12:51:03,188 [main] WARN  org.eclipse.jgit.util.FS - Exception caught during execution of command '[git, --version]' in '/usr/bin', return code '1', error message 'xcrun: error: invalid active developer path (/Library/Developer/CommandLineTools), missing xcrun at: /Library/Developer/CommandLineTools/usr/bin/xcrun
'
2017-04-05 12:51:10,630 [Worker-12] INFO  o.e.m.c.i.embedder.EclipseLogger - Using 'UTF-8' encoding to copy filtered resources.
2017-04-05 12:51:10,633 [Worker-12] INFO  o.e.m.c.i.embedder.EclipseLogger - skip non existing resourceDirectory /Users/Suveen/Documents/java/workspace/SLT/SLTProject/ShoppingCartBackEnd/src/main/resources
2017-04-05 12:51:10,636 [Worker-12] INFO  o.e.m.c.i.embedder.EclipseLogger - Using 'UTF-8' encoding to copy filtered resources.
2017-04-05 12:51:10,636 [Worker-12] INFO  o.e.m.c.i.embedder.EclipseLogger - skip non existing resourceDirectory /Users/Suveen/Documents/java/workspace/SLT/SLTProject/ShoppingCartBackEnd/src/test/resources
2017-04-05 12:51:11,482 [Worker-0] WARN  o.e.m.c.i.embedder.EclipseLogger - Using platform encoding (UTF-8 actually) to copy filtered resources, i.e. build is platform dependent!
2017-04-05 12:51:11,494 [Worker-0] INFO  o.e.m.c.i.embedder.EclipseLogger - Copying 0 resource
2017-04-05 12:51:11,498 [Worker-0] WARN  o.e.m.c.i.embedder.EclipseLogger - Using platform encoding (UTF-8 actually) to copy filtered resources, i.e. build is platform dependent!
2017-04-05 12:51:11,499 [Worker-0] INFO  o.e.m.c.i.embedder.EclipseLogger - skip non existing resourceDirectory /Users/Suveen/Documents/java/workspace/SLT/SLTProject/ShoppingCartFrontEnd/src/test/resources
2017-04-05 12:53:43,714 [Worker-4] WARN  o.e.m.c.i.embedder.EclipseLogger - Using platform encoding (UTF-8 actually) to copy filtered resources, i.e. build is platform dependent!
2017-04-05 12:53:43,721 [Worker-4] INFO  o.e.m.c.i.embedder.EclipseLogger - Copying 0 resource
2017-04-05 12:53:43,723 [Worker-4] WARN  o.e.m.c.i.embedder.EclipseLogger - Using platform encoding (UTF-8 actually) to copy filtered resources, i.e. build is platform dependent!
2017-04-05 12:53:43,724 [Worker-4] INFO  o.e.m.c.i.embedder.EclipseLogger - skip non existing resourceDirectory /Users/Suveen/Documents/java/workspace/SLT/SLTProject/ShoppingCartFrontEnd/src/test/resources
2017-04-05 12:55:05,285 [Worker-13] WARN  o.e.m.c.i.embedder.EclipseLogger - Using platform encoding (UTF-8 actually) to copy filtered resources, i.e. build is platform dependent!
2017-04-05 12:55:05,287 [Worker-13] INFO  o.e.m.c.i.embedder.EclipseLogger - Copying 0 resource
2017-04-05 12:55:05,288 [Worker-13] WARN  o.e.m.c.i.embedder.EclipseLogger - Using platform encoding (UTF-8 actually) to copy filtered resources, i.e. build is platform dependent!
2017-04-05 12:55:05,289 [Worker-13] INFO  o.e.m.c.i.embedder.EclipseLogger - skip non existing resourceDirectory /Users/Suveen/Documents/java/workspace/SLT/SLTProject/ShoppingCartFrontEnd/src/test/resources
2017-04-05 12:55:27,031 [Worker-0] WARN  o.e.m.c.i.embedder.EclipseLogger - Using platform encoding (UTF-8 actually) to copy filtered resources, i.e. build is platform dependent!
2017-04-05 12:55:27,032 [Worker-0] INFO  o.e.m.c.i.embedder.EclipseLogger - Copying 0 resource
2017-04-05 12:55:27,034 [Worker-0] WARN  o.e.m.c.i.embedder.EclipseLogger - Using platform encoding (UTF-8 actually) to copy filtered resources, i.e. build is platform dependent!
2017-04-05 12:55:27,035 [Worker-0] INFO  o.e.m.c.i.embedder.EclipseLogger - skip non existing resourceDirectory /Users/Suveen/Documents/java/workspace/SLT/SLTProject/ShoppingCartFrontEnd/src/test/resources
2017-04-05 12:56:09,493 [Worker-7] WARN  o.e.m.c.i.embedder.EclipseLogger - Using platform encoding (UTF-8 actually) to copy filtered resources, i.e. build is platform dependent!
2017-04-05 12:56:09,522 [Worker-7] INFO  o.e.m.c.i.embedder.EclipseLogger - Copying 0 resource
2017-04-05 12:56:09,524 [Worker-7] WARN  o.e.m.c.i.embedder.EclipseLogger - Using platform encoding (UTF-8 actually) to copy filtered resources, i.e. build is platform dependent!
2017-04-05 12:56:09,525 [Worker-7] INFO  o.e.m.c.i.embedder.EclipseLogger - skip non existing resourceDirectory /Users/Suveen/Documents/java/workspace/SLT/SLTProject/ShoppingCartFrontEnd/src/test/resources
2017-04-05 12:57:33,879 [Worker-0] WARN  o.e.m.c.i.embedder.EclipseLogger - Using platform encoding (UTF-8 actually) to copy filtered resources, i.e. build is platform dependent!
2017-04-05 12:57:33,880 [Worker-0] INFO  o.e.m.c.i.embedder.EclipseLogger - Copying 0 resource
2017-04-05 12:57:33,882 [Worker-0] WARN  o.e.m.c.i.embedder.EclipseLogger - Using platform encoding (UTF-8 actually) to copy filtered resources, i.e. build is platform dependent!
2017-04-05 12:57:33,883 [Worker-0] INFO  o.e.m.c.i.embedder.EclipseLogger - skip non existing resourceDirectory /Users/Suveen/Documents/java/workspace/SLT/SLTProject/ShoppingCartFrontEnd/src/test/resources
2017-04-05 12:58:47,789 [Worker-11] WARN  o.e.m.c.i.embedder.EclipseLogger - Using platform encoding (UTF-8 actually) to copy filtered resources, i.e. build is platform dependent!
2017-04-05 12:58:47,798 [Worker-11] INFO  o.e.m.c.i.embedder.EclipseLogger - Copying 0 resource
2017-04-05 12:58:47,802 [Worker-11] WARN  o.e.m.c.i.embedder.EclipseLogger - Using platform encoding (UTF-8 actually) to copy filtered resources, i.e. build is platform dependent!
2017-04-05 12:58:47,803 [Worker-11] INFO  o.e.m.c.i.embedder.EclipseLogger - skip non existing resourceDirectory /Users/Suveen/Documents/java/workspace/SLT/SLTProject/ShoppingCartFrontEnd/src/test/resources
2017-04-05 13:00:02,115 [Worker-20] WARN  o.e.m.c.i.embedder.EclipseLogger - Using platform encoding (UTF-8 actually) to copy filtered resources, i.e. build is platform dependent!
2017-04-05 13:00:02,117 [Worker-20] INFO  o.e.m.c.i.embedder.EclipseLogger - Copying 0 resource
2017-04-05 13:00:02,119 [Worker-20] WARN  o.e.m.c.i.embedder.EclipseLogger - Using platform encoding (UTF-8 actually) to copy filtered resources, i.e. build is platform dependent!
2017-04-05 13:00:02,120 [Worker-20] INFO  o.e.m.c.i.embedder.EclipseLogger - skip non existing resourceDirectory /Users/Suveen/Documents/java/workspace/SLT/SLTProject/ShoppingCartFrontEnd/src/test/resources
2017-04-05 13:01:28,857 [Worker-20] WARN  o.e.m.c.i.embedder.EclipseLogger - Using platform encoding (UTF-8 actually) to copy filtered resources, i.e. build is platform dependent!
2017-04-05 13:01:28,868 [Worker-20] INFO  o.e.m.c.i.embedder.EclipseLogger - Copying 0 resource
2017-04-05 13:01:28,870 [Worker-20] WARN  o.e.m.c.i.embedder.EclipseLogger - Using platform encoding (UTF-8 actually) to copy filtered resources, i.e. build is platform dependent!
2017-04-05 13:01:28,871 [Worker-20] INFO  o.e.m.c.i.embedder.EclipseLogger - skip non existing resourceDirectory /Users/Suveen/Documents/java/workspace/SLT/SLTProject/ShoppingCartFrontEnd/src/test/resources
